2026-04-02 02:03:49,056 - data_pipeline - INFO - Validation passed — 0 error(s), 0 warning(s).
2026-04-02 02:03:49,060 - data_pipeline - INFO - Validation FAILED — 1 error(s), 0 warning(s).
2026-04-02 02:03:49,064 - data_pipeline - INFO - Validation FAILED — 1 error(s), 0 warning(s).
2026-04-02 02:03:49,066 - data_pipeline - INFO - Validation FAILED — 1 error(s), 0 warning(s).
2026-04-02 02:03:49,068 - data_pipeline - INFO - Validation passed — 0 error(s), 2 warning(s).
2026-04-02 02:03:49,083 - data_pipeline - ERROR - FeatureEngineer.transform failed after 0.000s
Traceback (most recent call last):
  File "/home/runner/work/LucyAI/LucyAI/tests/../utils.py", line 78, in wrapper
    result = func(*args, **kwargs)
             ^^^^^^^^^^^^^^^^^^^^^
  File "/home/runner/work/LucyAI/LucyAI/tests/../data_pipeline.py", line 124, in transform
    raise RuntimeError("Call fit_transform before transform.")
RuntimeError: Call fit_transform before transform.
2026-04-02 02:03:49,122 - data_pipeline - INFO - Validation passed — 0 error(s), 0 warning(s).
2026-04-02 02:03:49,150 - data_pipeline - INFO - Split — train: 140, val: 20, test: 40
2026-04-02 02:03:49,154 - data_pipeline - INFO - Validation passed — 0 error(s), 0 warning(s).
2026-04-02 02:03:49,182 - data_pipeline - INFO - Split — train: 140, val: 20, test: 40
2026-04-02 02:03:49,186 - data_pipeline - INFO - Validation FAILED — 1 error(s), 0 warning(s).
2026-04-02 02:03:49,186 - data_pipeline - ERROR - DataPipeline.process failed after 0.001s
Traceback (most recent call last):
  File "/home/runner/work/LucyAI/LucyAI/tests/../utils.py", line 78, in wrapper
    result = func(*args, **kwargs)
             ^^^^^^^^^^^^^^^^^^^^^
  File "/home/runner/work/LucyAI/LucyAI/tests/../data_pipeline.py", line 263, in process
    raise ValueError(
ValueError: Data validation failed:
Target column 'target' is missing.
2026-04-02 02:03:49,190 - data_pipeline - INFO - Validation passed — 0 error(s), 0 warning(s).
2026-04-02 02:03:49,217 - data_pipeline - INFO - Split — train: 140, val: 20, test: 40
2026-04-02 02:03:49,221 - data_pipeline - INFO - Splits saved to '/tmp/pytest-of-runner/pytest-0/test_save_splits_creates_files0/processed'.
2026-04-02 02:03:49,223 - data_pipeline - INFO - Loading data from: data.xyz
2026-04-02 02:03:49,223 - data_pipeline - ERROR - DataPipeline.load failed after 0.000s
Traceback (most recent call last):
  File "/home/runner/work/LucyAI/LucyAI/tests/../utils.py", line 78, in wrapper
    result = func(*args, **kwargs)
             ^^^^^^^^^^^^^^^^^^^^^
  File "/home/runner/work/LucyAI/LucyAI/tests/../data_pipeline.py", line 240, in load
    raise ValueError(
ValueError: Unsupported file format 'xyz'. Supported formats: ['csv', 'json', 'parquet']
2026-04-02 02:03:49,227 - model_training - INFO - No hyperparameter grid defined for 'random_forest'; training with defaults.
2026-04-02 02:03:49,644 - model_training - INFO - CV f1: 0.7901 ± 0.0092
2026-04-02 02:03:49,648 - model_training - INFO - No hyperparameter grid defined for 'random_forest'; training with defaults.
2026-04-02 02:03:50,064 - model_training - INFO - CV f1: 0.7901 ± 0.0092
2026-04-02 02:03:50,084 - model_training - INFO - [test] accuracy=0.9250  precision=0.9262  recall=0.9250  f1=0.9250  auc=0.9737
2026-04-02 02:03:50,090 - model_training - INFO - No hyperparameter grid defined for 'random_forest'; training with defaults.
2026-04-02 02:03:50,506 - model_training - INFO - CV f1: 0.7901 ± 0.0092
2026-04-02 02:03:50,510 - model_training - INFO - Model saved to '/tmp/pytest-of-runner/pytest-0/test_save_creates_files0/registry/v1'.
2026-04-02 02:03:50,513 - model_training - INFO - No hyperparameter grid defined for 'random_forest'; training with defaults.
2026-04-02 02:03:50,927 - model_training - INFO - CV f1: 0.7901 ± 0.0092
2026-04-02 02:03:50,930 - model_training - INFO - Model saved to '/tmp/pytest-of-runner/pytest-0/test_load_roundtrip0/registry/v1'.
2026-04-02 02:03:50,932 - model_training - INFO - Model loaded from '/tmp/pytest-of-runner/pytest-0/test_load_roundtrip0/registry/v1'.
2026-04-02 02:03:50,936 - model_training - INFO - No hyperparameter grid defined for 'random_forest'; training with defaults.
2026-04-02 02:03:51,350 - model_training - INFO - CV f1: 0.7901 ± 0.0092
2026-04-02 02:03:51,354 - model_training - ERROR - ModelTrainer.train failed after 0.000s
Traceback (most recent call last):
  File "/home/runner/work/LucyAI/LucyAI/tests/../utils.py", line 78, in wrapper
    result = func(*args, **kwargs)
             ^^^^^^^^^^^^^^^^^^^^^
  File "/home/runner/work/LucyAI/LucyAI/tests/../model_training.py", line 109, in train
    base_estimator = _build_estimator(self.config)
                     ^^^^^^^^^^^^^^^^^^^^^^^^^^^^^
  File "/home/runner/work/LucyAI/LucyAI/tests/../model_training.py", line 51, in _build_estimator
    raise ValueError(
ValueError: Unknown model type 'not_a_real_model'. Supported types: ['random_forest', 'gradient_boosting', 'logistic_regression']
2026-04-02 02:03:51,357 - model_training - INFO - No hyperparameter grid defined for 'random_forest'; training with defaults.
2026-04-02 02:03:51,769 - model_training - INFO - CV f1: 0.7901 ± 0.0092
2026-04-02 02:03:51,793 - model_serving - INFO - Registered model version 'v1'.
2026-04-02 02:03:51,800 - model_training - INFO - No hyperparameter grid defined for 'random_forest'; training with defaults.
2026-04-02 02:03:52,217 - model_training - INFO - CV f1: 0.7901 ± 0.0092
2026-04-02 02:03:52,222 - model_serving - INFO - Registered model version 'v1'.
2026-04-02 02:03:52,228 - model_training - INFO - No hyperparameter grid defined for 'random_forest'; training with defaults.
2026-04-02 02:03:52,643 - model_training - INFO - CV f1: 0.7901 ± 0.0092
2026-04-02 02:03:52,647 - model_serving - INFO - Registered model version 'v1'.
2026-04-02 02:03:52,672 - model_training - INFO - No hyperparameter grid defined for 'random_forest'; training with defaults.
2026-04-02 02:03:53,087 - model_training - INFO - CV f1: 0.7901 ± 0.0092
2026-04-02 02:03:53,091 - model_serving - INFO - Registered model version 'v1'.
2026-04-02 02:03:53,110 - model_training - INFO - No hyperparameter grid defined for 'random_forest'; training with defaults.
2026-04-02 02:03:53,525 - model_training - INFO - CV f1: 0.7901 ± 0.0092
2026-04-02 02:03:53,529 - model_serving - INFO - Registered model version 'v1'.
2026-04-02 02:03:53,535 - model_serving - INFO - Registered model version 'v1'.
2026-04-02 02:03:53,553 - model_training - INFO - No hyperparameter grid defined for 'random_forest'; training with defaults.
2026-04-02 02:03:53,965 - model_training - INFO - CV f1: 0.7901 ± 0.0092
2026-04-02 02:03:53,969 - model_serving - INFO - Registered model version 'v1'.
2026-04-02 02:03:53,971 - model_serving - INFO - Active model version set to 'v1'.
2026-04-02 02:03:53,976 - model_training - INFO - No hyperparameter grid defined for 'random_forest'; training with defaults.
2026-04-02 02:03:54,390 - model_training - INFO - CV f1: 0.7901 ± 0.0092
2026-04-02 02:03:54,395 - model_serving - INFO - Registered model version 'v1'.
2026-04-02 02:03:54,405 - monitoring - INFO - Reference dataset set (200 rows, 2 columns).
2026-04-02 02:03:54,407 - monitoring - INFO - Drift detection: 0/2 columns drifted.
2026-04-02 02:03:54,409 - monitoring - INFO - Reference dataset set (200 rows, 2 columns).
2026-04-02 02:03:54,410 - monitoring - INFO - Drift detection: 2/2 columns drifted.
2026-04-02 02:03:54,416 - monitoring - INFO - Baseline metric set to 0.9000.
2026-04-02 02:03:54,501 - monitoring - INFO - Baseline metric set to 0.9000.
2026-04-02 02:03:54,501 - monitoring - WARNING - Model drift detected! Relative drop: 22.22% (threshold: 10.00%)
2026-04-02 02:03:54,511 - monitoring - WARNING - [ALERT] Test alert
2026-04-02 02:03:54,512 - monitoring - INFO - [ALERT] A
2026-04-02 02:03:54,512 - monitoring - CRITICAL - [ALERT] B
2026-04-02 02:03:54,514 - monitoring - INFO - [ALERT] Should not blow up
2026-04-02 02:03:54,514 - monitoring - ERROR - Alert handler failed.
Traceback (most recent call last):
  File "/home/runner/work/LucyAI/LucyAI/tests/../monitoring.py", line 275, in alert
    handler(level, message, record["metadata"])
  File "/home/runner/work/LucyAI/LucyAI/tests/test_ml_framework.py", line 463, in bad_handler
    raise RuntimeError("handler error")
RuntimeError: handler error
2026-04-02 02:03:54,517 - monitoring - INFO - Baseline metric set to 0.9000.
2026-04-02 02:03:54,519 - monitoring - INFO - Reference dataset set (200 rows, 2 columns).
2026-04-02 02:03:54,521 - monitoring - INFO - Drift detection: 2/2 columns drifted.
2026-04-02 02:03:54,521 - monitoring - WARNING - [ALERT] Data drift detected in 2 feature(s).
2026-04-02 02:04:14,871 - data_pipeline - INFO - Validation passed — 0 error(s), 0 warning(s).
2026-04-02 02:04:14,876 - data_pipeline - INFO - Validation FAILED — 1 error(s), 0 warning(s).
2026-04-02 02:04:14,879 - data_pipeline - INFO - Validation FAILED — 1 error(s), 0 warning(s).
2026-04-02 02:04:14,881 - data_pipeline - INFO - Validation FAILED — 1 error(s), 0 warning(s).
2026-04-02 02:04:14,883 - data_pipeline - INFO - Validation passed — 0 error(s), 2 warning(s).
2026-04-02 02:04:14,898 - data_pipeline - ERROR - FeatureEngineer.transform failed after 0.000s
Traceback (most recent call last):
  File "/home/runner/work/LucyAI/LucyAI/tests/../utils.py", line 78, in wrapper
    result = func(*args, **kwargs)
             ^^^^^^^^^^^^^^^^^^^^^
  File "/home/runner/work/LucyAI/LucyAI/tests/../data_pipeline.py", line 124, in transform
    raise RuntimeError("Call fit_transform before transform.")
RuntimeError: Call fit_transform before transform.
2026-04-02 02:04:14,936 - data_pipeline - INFO - Validation passed — 0 error(s), 0 warning(s).
2026-04-02 02:04:14,963 - data_pipeline - INFO - Split — train: 140, val: 20, test: 40
2026-04-02 02:04:14,966 - data_pipeline - INFO - Validation passed — 0 error(s), 0 warning(s).
2026-04-02 02:04:14,993 - data_pipeline - INFO - Split — train: 140, val: 20, test: 40
2026-04-02 02:04:14,997 - data_pipeline - INFO - Validation FAILED — 1 error(s), 0 warning(s).
2026-04-02 02:04:14,997 - data_pipeline - ERROR - DataPipeline.process failed after 0.001s
Traceback (most recent call last):
  File "/home/runner/work/LucyAI/LucyAI/tests/../utils.py", line 78, in wrapper
    result = func(*args, **kwargs)
             ^^^^^^^^^^^^^^^^^^^^^
  File "/home/runner/work/LucyAI/LucyAI/tests/../data_pipeline.py", line 263, in process
    raise ValueError(
ValueError: Data validation failed:
Target column 'target' is missing.
2026-04-02 02:04:15,001 - data_pipeline - INFO - Validation passed — 0 error(s), 0 warning(s).
2026-04-02 02:04:15,027 - data_pipeline - INFO - Split — train: 140, val: 20, test: 40
2026-04-02 02:04:15,032 - data_pipeline - INFO - Splits saved to '/tmp/pytest-of-runner/pytest-1/test_save_splits_creates_files0/processed'.
2026-04-02 02:04:15,033 - data_pipeline - INFO - Loading data from: data.xyz
2026-04-02 02:04:15,033 - data_pipeline - ERROR - DataPipeline.load failed after 0.000s
Traceback (most recent call last):
  File "/home/runner/work/LucyAI/LucyAI/tests/../utils.py", line 78, in wrapper
    result = func(*args, **kwargs)
             ^^^^^^^^^^^^^^^^^^^^^
  File "/home/runner/work/LucyAI/LucyAI/tests/../data_pipeline.py", line 240, in load
    raise ValueError(
ValueError: Unsupported file format 'xyz'. Supported formats: ['csv', 'json', 'parquet']
2026-04-02 02:04:15,037 - model_training - INFO - No hyperparameter grid defined for 'random_forest'; training with defaults.
2026-04-02 02:04:15,455 - model_training - INFO - CV f1: 0.7901 ± 0.0092
2026-04-02 02:04:15,459 - model_training - INFO - No hyperparameter grid defined for 'random_forest'; training with defaults.
2026-04-02 02:04:15,869 - model_training - INFO - CV f1: 0.7901 ± 0.0092
2026-04-02 02:04:15,888 - model_training - INFO - [test] accuracy=0.9250  precision=0.9262  recall=0.9250  f1=0.9250  auc=0.9737
2026-04-02 02:04:15,894 - model_training - INFO - No hyperparameter grid defined for 'random_forest'; training with defaults.
2026-04-02 02:04:16,304 - model_training - INFO - CV f1: 0.7901 ± 0.0092
2026-04-02 02:04:16,308 - model_training - INFO - Model saved to '/tmp/pytest-of-runner/pytest-1/test_save_creates_files0/registry/v1'.
2026-04-02 02:04:16,311 - model_training - INFO - No hyperparameter grid defined for 'random_forest'; training with defaults.
2026-04-02 02:04:16,721 - model_training - INFO - CV f1: 0.7901 ± 0.0092
2026-04-02 02:04:16,724 - model_training - INFO - Model saved to '/tmp/pytest-of-runner/pytest-1/test_load_roundtrip0/registry/v1'.
2026-04-02 02:04:16,727 - model_training - INFO - Model loaded from '/tmp/pytest-of-runner/pytest-1/test_load_roundtrip0/registry/v1'.
2026-04-02 02:04:16,730 - model_training - INFO - No hyperparameter grid defined for 'random_forest'; training with defaults.
2026-04-02 02:04:17,141 - model_training - INFO - CV f1: 0.7901 ± 0.0092
2026-04-02 02:04:17,145 - model_training - ERROR - ModelTrainer.train failed after 0.000s
Traceback (most recent call last):
  File "/home/runner/work/LucyAI/LucyAI/tests/../utils.py", line 78, in wrapper
    result = func(*args, **kwargs)
             ^^^^^^^^^^^^^^^^^^^^^
  File "/home/runner/work/LucyAI/LucyAI/tests/../model_training.py", line 109, in train
    base_estimator = _build_estimator(self.config)
                     ^^^^^^^^^^^^^^^^^^^^^^^^^^^^^
  File "/home/runner/work/LucyAI/LucyAI/tests/../model_training.py", line 51, in _build_estimator
    raise ValueError(
ValueError: Unknown model type 'not_a_real_model'. Supported types: ['random_forest', 'gradient_boosting', 'logistic_regression']
2026-04-02 02:04:17,149 - model_training - INFO - No hyperparameter grid defined for 'random_forest'; training with defaults.
2026-04-02 02:04:17,557 - model_training - INFO - CV f1: 0.7901 ± 0.0092
2026-04-02 02:04:17,581 - model_serving - INFO - Registered model version 'v1'.
2026-04-02 02:04:17,588 - model_training - INFO - No hyperparameter grid defined for 'random_forest'; training with defaults.
2026-04-02 02:04:18,001 - model_training - INFO - CV f1: 0.7901 ± 0.0092
2026-04-02 02:04:18,005 - model_serving - INFO - Registered model version 'v1'.
2026-04-02 02:04:18,012 - model_training - INFO - No hyperparameter grid defined for 'random_forest'; training with defaults.
2026-04-02 02:04:18,425 - model_training - INFO - CV f1: 0.7901 ± 0.0092
2026-04-02 02:04:18,429 - model_serving - INFO - Registered model version 'v1'.
2026-04-02 02:04:18,446 - model_training - INFO - No hyperparameter grid defined for 'random_forest'; training with defaults.
2026-04-02 02:04:18,858 - model_training - INFO - CV f1: 0.7901 ± 0.0092
2026-04-02 02:04:18,862 - model_serving - INFO - Registered model version 'v1'.
2026-04-02 02:04:18,881 - model_training - INFO - No hyperparameter grid defined for 'random_forest'; training with defaults.
2026-04-02 02:04:19,298 - model_training - INFO - CV f1: 0.7901 ± 0.0092
2026-04-02 02:04:19,302 - model_serving - INFO - Registered model version 'v1'.
2026-04-02 02:04:19,307 - model_serving - INFO - Registered model version 'v1'.
2026-04-02 02:04:19,324 - model_training - INFO - No hyperparameter grid defined for 'random_forest'; training with defaults.
2026-04-02 02:04:19,736 - model_training - INFO - CV f1: 0.7901 ± 0.0092
2026-04-02 02:04:19,741 - model_serving - INFO - Registered model version 'v1'.
2026-04-02 02:04:19,743 - model_serving - INFO - Active model version set to 'v1'.
2026-04-02 02:04:19,747 - model_training - INFO - No hyperparameter grid defined for 'random_forest'; training with defaults.
2026-04-02 02:04:20,157 - model_training - INFO - CV f1: 0.7901 ± 0.0092
2026-04-02 02:04:20,161 - model_serving - INFO - Registered model version 'v1'.
2026-04-02 02:04:20,171 - monitoring - INFO - Reference dataset set (200 rows, 2 columns).
2026-04-02 02:04:20,173 - monitoring - INFO - Drift detection: 0/2 columns drifted.
2026-04-02 02:04:20,175 - monitoring - INFO - Reference dataset set (200 rows, 2 columns).
2026-04-02 02:04:20,176 - monitoring - INFO - Drift detection: 2/2 columns drifted.
2026-04-02 02:04:20,182 - monitoring - INFO - Baseline metric set to 0.9000.
2026-04-02 02:04:20,183 - monitoring - INFO - Baseline metric set to 0.9000.
2026-04-02 02:04:20,183 - monitoring - WARNING - Model drift detected! Relative drop: 22.22% (threshold: 10.00%)
2026-04-02 02:04:20,185 - monitoring - WARNING - [ALERT] Test alert
2026-04-02 02:04:20,186 - monitoring - INFO - [ALERT] A
2026-04-02 02:04:20,187 - monitoring - CRITICAL - [ALERT] B
2026-04-02 02:04:20,188 - monitoring - INFO - [ALERT] Should not blow up
2026-04-02 02:04:20,188 - monitoring - ERROR - Alert handler failed.
Traceback (most recent call last):
  File "/home/runner/work/LucyAI/LucyAI/tests/../monitoring.py", line 275, in alert
    handler(level, message, record["metadata"])
  File "/home/runner/work/LucyAI/LucyAI/tests/test_ml_framework.py", line 463, in bad_handler
    raise RuntimeError("handler error")
RuntimeError: handler error
2026-04-02 02:04:20,191 - monitoring - INFO - Baseline metric set to 0.9000.
2026-04-02 02:04:20,193 - monitoring - INFO - Reference dataset set (200 rows, 2 columns).
2026-04-02 02:04:20,194 - monitoring - INFO - Drift detection: 2/2 columns drifted.
2026-04-02 02:04:20,194 - monitoring - WARNING - [ALERT] Data drift detected in 2 feature(s).
2026-04-02 02:04:26,245 - __main__ - INFO - Starting end-to-end ML framework workflow.
2026-04-02 02:04:26,248 - __main__ - INFO - === Step 1: Data Pipeline ===
2026-04-02 02:04:26,250 - data_pipeline - INFO - Validation passed — 0 error(s), 0 warning(s).
2026-04-02 02:04:26,288 - data_pipeline - INFO - Split — train: 350, val: 50, test: 100
2026-04-02 02:04:26,288 - __main__ - INFO - Splits — train: 350, val: 50, test: 100
2026-04-02 02:04:26,289 - __main__ - INFO - === Step 2: Model Training ===
2026-04-02 02:04:26,289 - model_training - INFO - Starting grid hyperparameter search for 'random_forest'.
2026-04-02 02:04:28,695 - model_training - INFO - Best f1: 0.9079 | params: {'max_depth': 10, 'n_estimators': 100}
2026-04-02 02:04:29,057 - model_training - INFO - CV f1: 0.9079 ± 0.0204
2026-04-02 02:04:29,079 - model_training - INFO - [validation] accuracy=0.9000  precision=0.9006  recall=0.9000  f1=0.9000  auc=0.9568
2026-04-02 02:04:29,101 - model_training - INFO - [test] accuracy=0.9300  precision=0.9316  recall=0.9300  f1=0.9299  auc=0.9664
2026-04-02 02:04:29,101 - __main__ - INFO - Test metrics: {'accuracy': 0.93, 'precision': 0.9315535929345645, 'recall': 0.93, 'f1': 0.9299369432489241, 'auc': 0.9663999999999999}
2026-04-02 02:04:29,104 - model_training - INFO - Model saved to '/tmp/tmpmrv0o6ny/models/v1'.
2026-04-02 02:04:29,104 - __main__ - INFO - === Step 3: Model Serving Demo ===
2026-04-02 02:04:29,104 - model_serving - INFO - Registered model version 'v1'.
2026-04-02 02:04:57,311 - __main__ - INFO - Starting end-to-end ML framework workflow.
2026-04-02 02:04:57,314 - __main__ - INFO - === Step 1: Data Pipeline ===
2026-04-02 02:04:57,316 - data_pipeline - INFO - Validation passed — 0 error(s), 0 warning(s).
2026-04-02 02:04:57,353 - data_pipeline - INFO - Split — train: 350, val: 50, test: 100
2026-04-02 02:04:57,353 - __main__ - INFO - Splits — train: 350, val: 50, test: 100
2026-04-02 02:04:57,353 - __main__ - INFO - === Step 2: Model Training ===
2026-04-02 02:04:57,354 - model_training - INFO - Starting grid hyperparameter search for 'random_forest'.
2026-04-02 02:04:59,770 - model_training - INFO - Best f1: 0.9051 | params: {'max_depth': 5, 'n_estimators': 100}
2026-04-02 02:05:00,124 - model_training - INFO - CV f1: 0.9051 ± 0.0153
2026-04-02 02:05:00,145 - model_training - INFO - [validation] accuracy=0.9000  precision=0.9006  recall=0.9000  f1=0.9000  auc=0.9648
2026-04-02 02:05:00,166 - model_training - INFO - [test] accuracy=0.9200  precision=0.9227  recall=0.9200  f1=0.9199  auc=0.9676
2026-04-02 02:05:00,167 - __main__ - INFO - Test metrics: {'accuracy': 0.92, 'precision': 0.9227053140096618, 'recall': 0.92, 'f1': 0.9198717948717947, 'auc': 0.9676}
2026-04-02 02:05:00,169 - model_training - INFO - Model saved to '/tmp/tmpljswzga8/models/v1'.
2026-04-02 02:05:00,170 - __main__ - INFO - === Step 3: Model Serving Demo ===
2026-04-02 02:05:00,170 - model_serving - INFO - Registered model version 'v1'.
2026-04-02 02:05:00,177 - __main__ - INFO - Sample prediction (version=v1): 1
2026-04-02 02:05:00,177 - model_serving - INFO - Registered model version 'v2'.
2026-04-02 02:05:00,177 - model_serving - INFO - Canary model version set to 'v2'.
2026-04-02 02:05:00,177 - __main__ - INFO - Canary version 'v2' registered with 10% traffic.
2026-04-02 02:05:00,178 - __main__ - INFO - === Step 4: Monitoring ===
2026-04-02 02:05:00,178 - monitoring - INFO - Baseline metric set to 0.9199.
2026-04-02 02:05:00,178 - monitoring - INFO - Reference dataset set (100 rows, 11 columns).
2026-04-02 02:05:00,187 - monitoring - INFO - Drift detection: 11/11 columns drifted.
2026-04-02 02:05:00,187 - monitoring - WARNING - [ALERT] Data drift detected in 11 feature(s).
2026-04-02 02:05:00,187 - __main__ - WARNING - [ALERT][WARNING] Data drift detected in 11 feature(s).
2026-04-02 02:05:00,187 - __main__ - INFO - Drift detected: True
2026-04-02 02:05:00,187 - __main__ - INFO - No retraining needed at this time.
2026-04-02 02:05:00,187 - __main__ - INFO - Workflow complete. Retraining triggered: False
2026-04-02 02:06:35,743 - data_pipeline - INFO - Validation passed — 0 error(s), 0 warning(s).
2026-04-02 02:06:35,747 - data_pipeline - INFO - Validation FAILED — 1 error(s), 0 warning(s).
2026-04-02 02:06:35,750 - data_pipeline - INFO - Validation FAILED — 1 error(s), 0 warning(s).
2026-04-02 02:06:35,752 - data_pipeline - INFO - Validation FAILED — 1 error(s), 0 warning(s).
2026-04-02 02:06:35,754 - data_pipeline - INFO - Validation passed — 0 error(s), 2 warning(s).
2026-04-02 02:06:35,769 - data_pipeline - ERROR - FeatureEngineer.transform failed after 0.000s
Traceback (most recent call last):
  File "/home/runner/work/LucyAI/LucyAI/tests/../utils.py", line 78, in wrapper
    result = func(*args, **kwargs)
             ^^^^^^^^^^^^^^^^^^^^^
  File "/home/runner/work/LucyAI/LucyAI/tests/../data_pipeline.py", line 124, in transform
    raise RuntimeError("Call fit_transform before transform.")
RuntimeError: Call fit_transform before transform.
2026-04-02 02:06:35,806 - data_pipeline - INFO - Validation passed — 0 error(s), 0 warning(s).
2026-04-02 02:06:35,835 - data_pipeline - INFO - Split — train: 140, val: 20, test: 40
2026-04-02 02:06:35,838 - data_pipeline - INFO - Validation passed — 0 error(s), 0 warning(s).
2026-04-02 02:06:35,865 - data_pipeline - INFO - Split — train: 140, val: 20, test: 40
2026-04-02 02:06:35,869 - data_pipeline - INFO - Validation FAILED — 1 error(s), 0 warning(s).
2026-04-02 02:06:35,869 - data_pipeline - ERROR - DataPipeline.process failed after 0.001s
Traceback (most recent call last):
  File "/home/runner/work/LucyAI/LucyAI/tests/../utils.py", line 78, in wrapper
    result = func(*args, **kwargs)
             ^^^^^^^^^^^^^^^^^^^^^
  File "/home/runner/work/LucyAI/LucyAI/tests/../data_pipeline.py", line 263, in process
    raise ValueError(
ValueError: Data validation failed:
Target column 'target' is missing.
2026-04-02 02:06:35,873 - data_pipeline - INFO - Validation passed — 0 error(s), 0 warning(s).
2026-04-02 02:06:35,900 - data_pipeline - INFO - Split — train: 140, val: 20, test: 40
2026-04-02 02:06:35,904 - data_pipeline - INFO - Splits saved to '/tmp/pytest-of-runner/pytest-2/test_save_splits_creates_files0/processed'.
2026-04-02 02:06:35,905 - data_pipeline - INFO - Loading data from: data.xyz
2026-04-02 02:06:35,905 - data_pipeline - ERROR - DataPipeline.load failed after 0.000s
Traceback (most recent call last):
  File "/home/runner/work/LucyAI/LucyAI/tests/../utils.py", line 78, in wrapper
    result = func(*args, **kwargs)
             ^^^^^^^^^^^^^^^^^^^^^
  File "/home/runner/work/LucyAI/LucyAI/tests/../data_pipeline.py", line 240, in load
    raise ValueError(
ValueError: Unsupported file format 'xyz'. Supported formats: ['csv', 'json', 'parquet']
2026-04-02 02:06:35,909 - model_training - INFO - No hyperparameter grid defined for 'random_forest'; training with defaults.
2026-04-02 02:06:36,322 - model_training - INFO - CV f1: 0.7901 ± 0.0092
2026-04-02 02:06:36,326 - model_training - INFO - No hyperparameter grid defined for 'random_forest'; training with defaults.
2026-04-02 02:06:36,736 - model_training - INFO - CV f1: 0.7901 ± 0.0092
2026-04-02 02:06:36,755 - model_training - INFO - [test] accuracy=0.9250  precision=0.9262  recall=0.9250  f1=0.9250  auc=0.9737
2026-04-02 02:06:36,761 - model_training - INFO - No hyperparameter grid defined for 'random_forest'; training with defaults.
2026-04-02 02:06:37,170 - model_training - INFO - CV f1: 0.7901 ± 0.0092
2026-04-02 02:06:37,174 - model_training - INFO - Model saved to '/tmp/pytest-of-runner/pytest-2/test_save_creates_files0/registry/v1'.
2026-04-02 02:06:37,177 - model_training - INFO - No hyperparameter grid defined for 'random_forest'; training with defaults.
2026-04-02 02:06:37,588 - model_training - INFO - CV f1: 0.7901 ± 0.0092
2026-04-02 02:06:37,591 - model_training - INFO - Model saved to '/tmp/pytest-of-runner/pytest-2/test_load_roundtrip0/registry/v1'.
2026-04-02 02:06:37,593 - model_training - INFO - Model loaded from '/tmp/pytest-of-runner/pytest-2/test_load_roundtrip0/registry/v1'.
2026-04-02 02:06:37,597 - model_training - INFO - No hyperparameter grid defined for 'random_forest'; training with defaults.
2026-04-02 02:06:38,007 - model_training - INFO - CV f1: 0.7901 ± 0.0092
2026-04-02 02:06:38,011 - model_training - ERROR - ModelTrainer.train failed after 0.000s
Traceback (most recent call last):
  File "/home/runner/work/LucyAI/LucyAI/tests/../utils.py", line 78, in wrapper
    result = func(*args, **kwargs)
             ^^^^^^^^^^^^^^^^^^^^^
  File "/home/runner/work/LucyAI/LucyAI/tests/../model_training.py", line 109, in train
    base_estimator = _build_estimator(self.config)
                     ^^^^^^^^^^^^^^^^^^^^^^^^^^^^^
  File "/home/runner/work/LucyAI/LucyAI/tests/../model_training.py", line 51, in _build_estimator
    raise ValueError(
ValueError: Unknown model type 'not_a_real_model'. Supported types: ['random_forest', 'gradient_boosting', 'logistic_regression']
2026-04-02 02:06:38,015 - model_training - INFO - No hyperparameter grid defined for 'random_forest'; training with defaults.
2026-04-02 02:06:38,427 - model_training - INFO - CV f1: 0.7901 ± 0.0092
2026-04-02 02:06:38,450 - model_serving - INFO - Registered model version 'v1'.
2026-04-02 02:06:38,457 - model_training - INFO - No hyperparameter grid defined for 'random_forest'; training with defaults.
2026-04-02 02:06:38,867 - model_training - INFO - CV f1: 0.7901 ± 0.0092
2026-04-02 02:06:38,871 - model_serving - INFO - Registered model version 'v1'.
2026-04-02 02:06:38,878 - model_training - INFO - No hyperparameter grid defined for 'random_forest'; training with defaults.
2026-04-02 02:06:39,288 - model_training - INFO - CV f1: 0.7901 ± 0.0092
2026-04-02 02:06:39,292 - model_serving - INFO - Registered model version 'v1'.
2026-04-02 02:06:39,310 - model_training - INFO - No hyperparameter grid defined for 'random_forest'; training with defaults.
2026-04-02 02:06:39,722 - model_training - INFO - CV f1: 0.7901 ± 0.0092
2026-04-02 02:06:39,726 - model_serving - INFO - Registered model version 'v1'.
2026-04-02 02:06:39,743 - model_training - INFO - No hyperparameter grid defined for 'random_forest'; training with defaults.
2026-04-02 02:06:40,153 - model_training - INFO - CV f1: 0.7901 ± 0.0092
2026-04-02 02:06:40,157 - model_serving - INFO - Registered model version 'v1'.
2026-04-02 02:06:40,162 - model_serving - INFO - Registered model version 'v1'.
2026-04-02 02:06:40,179 - model_training - INFO - No hyperparameter grid defined for 'random_forest'; training with defaults.
2026-04-02 02:06:40,590 - model_training - INFO - CV f1: 0.7901 ± 0.0092
2026-04-02 02:06:40,594 - model_serving - INFO - Registered model version 'v1'.
2026-04-02 02:06:40,596 - model_serving - INFO - Active model version set to 'v1'.
2026-04-02 02:06:40,600 - model_training - INFO - No hyperparameter grid defined for 'random_forest'; training with defaults.
2026-04-02 02:06:41,013 - model_training - INFO - CV f1: 0.7901 ± 0.0092
2026-04-02 02:06:41,017 - model_serving - INFO - Registered model version 'v1'.
2026-04-02 02:06:41,027 - monitoring - INFO - Reference dataset set (200 rows, 2 columns).
2026-04-02 02:06:41,028 - monitoring - INFO - Drift detection: 0/2 columns drifted.
2026-04-02 02:06:41,030 - monitoring - INFO - Reference dataset set (200 rows, 2 columns).
2026-04-02 02:06:41,032 - monitoring - INFO - Drift detection: 2/2 columns drifted.
2026-04-02 02:06:41,037 - monitoring - INFO - Baseline metric set to 0.9000.
2026-04-02 02:06:41,038 - monitoring - INFO - Baseline metric set to 0.9000.
2026-04-02 02:06:41,038 - monitoring - WARNING - Model drift detected! Relative drop: 22.22% (threshold: 10.00%)
2026-04-02 02:06:41,040 - monitoring - WARNING - [ALERT] Test alert
2026-04-02 02:06:41,042 - monitoring - INFO - [ALERT] A
2026-04-02 02:06:41,042 - monitoring - CRITICAL - [ALERT] B
2026-04-02 02:06:41,043 - monitoring - INFO - [ALERT] Should not blow up
2026-04-02 02:06:41,043 - monitoring - ERROR - Alert handler failed.
Traceback (most recent call last):
  File "/home/runner/work/LucyAI/LucyAI/tests/../monitoring.py", line 275, in alert
    handler(level, message, record["metadata"])
  File "/home/runner/work/LucyAI/LucyAI/tests/test_ml_framework.py", line 463, in bad_handler
    raise RuntimeError("handler error")
RuntimeError: handler error
2026-04-02 02:06:41,046 - monitoring - INFO - Baseline metric set to 0.9000.
2026-04-02 02:06:41,048 - monitoring - INFO - Reference dataset set (200 rows, 2 columns).
2026-04-02 02:06:41,049 - monitoring - INFO - Drift detection: 2/2 columns drifted.
2026-04-02 02:06:41,049 - monitoring - WARNING - [ALERT] Data drift detected in 2 feature(s).
2026-04-02 02:07:56,948 - data_pipeline - INFO - Validation passed — 0 error(s), 0 warning(s).
2026-04-02 02:07:56,952 - data_pipeline - INFO - Validation FAILED — 1 error(s), 0 warning(s).
2026-04-02 02:07:56,955 - data_pipeline - INFO - Validation FAILED — 1 error(s), 0 warning(s).
2026-04-02 02:07:56,957 - data_pipeline - INFO - Validation FAILED — 1 error(s), 0 warning(s).
2026-04-02 02:07:56,959 - data_pipeline - INFO - Validation passed — 0 error(s), 2 warning(s).
2026-04-02 02:07:56,974 - data_pipeline - ERROR - FeatureEngineer.transform failed after 0.000s
Traceback (most recent call last):
  File "/home/runner/work/LucyAI/LucyAI/tests/../utils.py", line 78, in wrapper
    result = func(*args, **kwargs)
             ^^^^^^^^^^^^^^^^^^^^^
  File "/home/runner/work/LucyAI/LucyAI/tests/../data_pipeline.py", line 124, in transform
    raise RuntimeError("Call fit_transform before transform.")
RuntimeError: Call fit_transform before transform.
2026-04-02 02:07:57,011 - data_pipeline - INFO - Validation passed — 0 error(s), 0 warning(s).
2026-04-02 02:07:57,038 - data_pipeline - INFO - Split — train: 140, val: 20, test: 40
2026-04-02 02:07:57,042 - data_pipeline - INFO - Validation passed — 0 error(s), 0 warning(s).
2026-04-02 02:07:57,069 - data_pipeline - INFO - Split — train: 140, val: 20, test: 40
2026-04-02 02:07:57,073 - data_pipeline - INFO - Validation FAILED — 1 error(s), 0 warning(s).
2026-04-02 02:07:57,073 - data_pipeline - ERROR - DataPipeline.process failed after 0.001s
Traceback (most recent call last):
  File "/home/runner/work/LucyAI/LucyAI/tests/../utils.py", line 78, in wrapper
    result = func(*args, **kwargs)
             ^^^^^^^^^^^^^^^^^^^^^
  File "/home/runner/work/LucyAI/LucyAI/tests/../data_pipeline.py", line 266, in process
    raise ValueError(
ValueError: Data validation failed:
Target column 'target' is missing.
2026-04-02 02:07:57,077 - data_pipeline - INFO - Validation passed — 0 error(s), 0 warning(s).
2026-04-02 02:07:57,104 - data_pipeline - INFO - Split — train: 140, val: 20, test: 40
2026-04-02 02:07:57,108 - data_pipeline - INFO - Splits saved to '/tmp/pytest-of-runner/pytest-3/test_save_splits_creates_files0/processed'.
2026-04-02 02:07:57,110 - data_pipeline - INFO - Loading data from: data.xyz
2026-04-02 02:07:57,110 - data_pipeline - ERROR - DataPipeline.load failed after 0.000s
Traceback (most recent call last):
  File "/home/runner/work/LucyAI/LucyAI/tests/../utils.py", line 78, in wrapper
    result = func(*args, **kwargs)
             ^^^^^^^^^^^^^^^^^^^^^
  File "/home/runner/work/LucyAI/LucyAI/tests/../data_pipeline.py", line 243, in load
    raise ValueError(
ValueError: Unsupported file format 'xyz'. Supported formats: ['csv', 'json', 'parquet']
2026-04-02 02:07:57,113 - model_training - INFO - No hyperparameter grid defined for 'random_forest'; training with defaults.
2026-04-02 02:07:57,524 - model_training - INFO - CV f1: 0.7901 ± 0.0092
2026-04-02 02:07:57,528 - model_training - INFO - No hyperparameter grid defined for 'random_forest'; training with defaults.
2026-04-02 02:07:57,939 - model_training - INFO - CV f1: 0.7901 ± 0.0092
2026-04-02 02:07:57,958 - model_training - INFO - [test] accuracy=0.9250  precision=0.9262  recall=0.9250  f1=0.9250  auc=0.9737
2026-04-02 02:07:57,964 - model_training - INFO - No hyperparameter grid defined for 'random_forest'; training with defaults.
2026-04-02 02:07:58,373 - model_training - INFO - CV f1: 0.7901 ± 0.0092
2026-04-02 02:07:58,376 - model_training - INFO - Model saved to '/tmp/pytest-of-runner/pytest-3/test_save_creates_files0/registry/v1'.
2026-04-02 02:07:58,379 - model_training - INFO - No hyperparameter grid defined for 'random_forest'; training with defaults.
2026-04-02 02:07:58,788 - model_training - INFO - CV f1: 0.7901 ± 0.0092
2026-04-02 02:07:58,791 - model_training - INFO - Model saved to '/tmp/pytest-of-runner/pytest-3/test_load_roundtrip0/registry/v1'.
2026-04-02 02:07:58,793 - model_training - INFO - Model loaded from '/tmp/pytest-of-runner/pytest-3/test_load_roundtrip0/registry/v1'.
2026-04-02 02:07:58,797 - model_training - INFO - No hyperparameter grid defined for 'random_forest'; training with defaults.
2026-04-02 02:07:59,206 - model_training - INFO - CV f1: 0.7901 ± 0.0092
2026-04-02 02:07:59,210 - model_training - ERROR - ModelTrainer.train failed after 0.000s
Traceback (most recent call last):
  File "/home/runner/work/LucyAI/LucyAI/tests/../utils.py", line 78, in wrapper
    result = func(*args, **kwargs)
             ^^^^^^^^^^^^^^^^^^^^^
  File "/home/runner/work/LucyAI/LucyAI/tests/../model_training.py", line 109, in train
    base_estimator = _build_estimator(self.config)
                     ^^^^^^^^^^^^^^^^^^^^^^^^^^^^^
  File "/home/runner/work/LucyAI/LucyAI/tests/../model_training.py", line 51, in _build_estimator
    raise ValueError(
ValueError: Unknown model type 'not_a_real_model'. Supported types: ['random_forest', 'gradient_boosting', 'logistic_regression']
2026-04-02 02:07:59,213 - model_training - INFO - No hyperparameter grid defined for 'random_forest'; training with defaults.
2026-04-02 02:07:59,622 - model_training - INFO - CV f1: 0.7901 ± 0.0092
2026-04-02 02:07:59,645 - model_serving - INFO - Registered model version 'v1'.
2026-04-02 02:07:59,652 - model_training - INFO - No hyperparameter grid defined for 'random_forest'; training with defaults.
2026-04-02 02:08:00,062 - model_training - INFO - CV f1: 0.7901 ± 0.0092
2026-04-02 02:08:00,067 - model_serving - INFO - Registered model version 'v1'.
2026-04-02 02:08:00,073 - model_training - INFO - No hyperparameter grid defined for 'random_forest'; training with defaults.
2026-04-02 02:08:00,482 - model_training - INFO - CV f1: 0.7901 ± 0.0092
2026-04-02 02:08:00,486 - model_serving - INFO - Registered model version 'v1'.
2026-04-02 02:08:00,505 - model_training - INFO - No hyperparameter grid defined for 'random_forest'; training with defaults.
2026-04-02 02:08:00,915 - model_training - INFO - CV f1: 0.7901 ± 0.0092
2026-04-02 02:08:00,919 - model_serving - INFO - Registered model version 'v1'.
2026-04-02 02:08:00,938 - model_training - INFO - No hyperparameter grid defined for 'random_forest'; training with defaults.
2026-04-02 02:08:01,349 - model_training - INFO - CV f1: 0.7901 ± 0.0092
2026-04-02 02:08:01,353 - model_serving - INFO - Registered model version 'v1'.
2026-04-02 02:08:01,357 - model_serving - INFO - Registered model version 'v1'.
2026-04-02 02:08:01,374 - model_training - INFO - No hyperparameter grid defined for 'random_forest'; training with defaults.
2026-04-02 02:08:01,785 - model_training - INFO - CV f1: 0.7901 ± 0.0092
2026-04-02 02:08:01,789 - model_serving - INFO - Registered model version 'v1'.
2026-04-02 02:08:01,791 - model_serving - INFO - Active model version set to 'v1'.
2026-04-02 02:08:01,795 - model_training - INFO - No hyperparameter grid defined for 'random_forest'; training with defaults.
2026-04-02 02:08:02,204 - model_training - INFO - CV f1: 0.7901 ± 0.0092
2026-04-02 02:08:02,208 - model_serving - INFO - Registered model version 'v1'.
2026-04-02 02:08:02,217 - monitoring - INFO - Reference dataset set (200 rows, 2 columns).
2026-04-02 02:08:02,219 - monitoring - INFO - Drift detection: 0/2 columns drifted.
2026-04-02 02:08:02,221 - monitoring - INFO - Reference dataset set (200 rows, 2 columns).
2026-04-02 02:08:02,223 - monitoring - INFO - Drift detection: 2/2 columns drifted.
2026-04-02 02:08:02,228 - monitoring - INFO - Baseline metric set to 0.9000.
2026-04-02 02:08:02,229 - monitoring - INFO - Baseline metric set to 0.9000.
2026-04-02 02:08:02,229 - monitoring - WARNING - Model drift detected! Relative drop: 22.22% (threshold: 10.00%)
2026-04-02 02:08:02,231 - monitoring - WARNING - [ALERT] Test alert
2026-04-02 02:08:02,233 - monitoring - INFO - [ALERT] A
2026-04-02 02:08:02,233 - monitoring - CRITICAL - [ALERT] B
2026-04-02 02:08:02,234 - monitoring - INFO - [ALERT] Should not blow up
2026-04-02 02:08:02,234 - monitoring - ERROR - Alert handler failed.
Traceback (most recent call last):
  File "/home/runner/work/LucyAI/LucyAI/tests/../monitoring.py", line 275, in alert
    handler(level, message, record["metadata"])
  File "/home/runner/work/LucyAI/LucyAI/tests/test_ml_framework.py", line 463, in bad_handler
    raise RuntimeError("handler error")
RuntimeError: handler error
2026-04-02 02:08:02,237 - monitoring - INFO - Baseline metric set to 0.9000.
2026-04-02 02:08:02,239 - monitoring - INFO - Reference dataset set (200 rows, 2 columns).
2026-04-02 02:08:02,240 - monitoring - INFO - Drift detection: 2/2 columns drifted.
2026-04-02 02:08:02,240 - monitoring - WARNING - [ALERT] Data drift detected in 2 feature(s).
